Model: BoW TFIDF
  MRR:    0.26
  H@1:    0.16
  H@3:    0.30
  H@5:    0.34
  Med:    18.5
  MR:     90021.3
  R@100:  0.62
------------------------------------------------------------
Model: BoW BM25
  MRR:    0.29
  H@1:    0.16
  H@3:    0.38
  H@5:    0.42
  Med:    15.5
  MR:     44723.4
  R@100:  0.64
------------------------------------------------------------
Model: SBERT cos-sim
  MRR:    0.51
  H@1:    0.34
  H@3:    0.66
  H@5:    0.70
  Med:    2.0
  MR:     27.3
  R@100:  0.92
------------------------------------------------------------
/tmp/ipykernel_450973/1902801111.py:8: UserWarning: The given NumPy array is not writable, and PyTorch does not support non-writable tensors. This means writing to this tensor will result in undefined behavior. You may want to copy the array to protect its data or make it writable before converting it to a tensor. This type of warning will be suppressed for the rest of this program. (Triggered internally at /home/conda/feedstock_root/build_artifacts/libtorch_1750199048837/work/torch/csrc/utils/tensor_numpy.cpp:203.)
  parent_emb_t = torch.Tensor(parent_emd)
Model: HiT SNO-23(F)
  MRR:    0.38
  H@1:    0.30
  H@3:    0.42
  H@5:    0.46
  Med:    7.5
  MR:     266.3
  R@100:  0.76
------------------------------------------------------------
Model: HiT SNO-25(F)
  MRR:    0.40
  H@1:    0.30
  H@3:    0.46
  H@5:    0.50
  Med:    5.5
  MR:     171.5
  R@100:  0.78
------------------------------------------------------------
Model: OnTr GALEN(P)
  MRR:    0.53
  H@1:    0.32
  H@3:    0.70
  H@5:    0.80
  Med:    2.0
  MR:     11.2
  R@100:  0.96
------------------------------------------------------------
Model: OnTr ANATOMY(P)
  MRR:    0.62
  H@1:    0.48
  H@3:    0.70
  H@5:    0.80
  Med:    2.0
  MR:     12.7
  R@100:  0.98
------------------------------------------------------------
Model: OnTr GO(P)
  MRR:    0.46
  H@1:    0.30
  H@3:    0.52
  H@5:    0.62
  Med:    3.0
  MR:     22.5
  R@100:  0.96
------------------------------------------------------------
Model: OnTr SNO-25(F-64)
  MRR:    0.55
  H@1:    0.42
  H@3:    0.64
  H@5:    0.70
  Med:    2.0
  MR:     168.9
  R@100:  0.92
------------------------------------------------------------
Model: OnTr SNO-25(M-32)
  MRR:    0.59
  H@1:    0.46
  H@3:    0.66
  H@5:    0.82
  Med:    2.0
  MR:     10.2
  R@100:  0.98
------------------------------------------------------------
Model: OnTr SNO-25(M-64)
  MRR:    0.61
  H@1:    0.48
  H@3:    0.68
  H@5:    0.80
  Med:    2.0
  MR:     12.3
  R@100:  0.96
------------------------------------------------------------
Model: OnTr SNO-25(M-128)
  MRR:    0.64
  H@1:    0.52
  H@3:    0.72
  H@5:    0.78
  Med:    1.0
  MR:     18.5
  R@100:  0.96
------------------------------------------------------------
Model: Mixed D_m(F)
  MRR:    0.45
  H@1:    0.34
  H@3:    0.50
  H@5:    0.54
  Med:    3.5
  MR:     78.1
  R@100:  0.82
------------------------------------------------------------
Model: Mixed D_m(M)
  MRR:    0.63
  H@1:    0.52
  H@3:    0.66
  H@5:    0.80
  Med:    1.0
  MR:     12.6
  R@100:  0.96
------------------------------------------------------------
All results saved to ./results_additional/oov_entity_mentions_single_target_ANN_50_queries.json
Printing table: 


Model      Variant      MRR    H@1    H@3    H@5     Med       MR      R@100
============================================================================
BoW     TFIDF           0.26   0.16   0.30   0.34   18.50   90021.30   0.62 
BoW     BM25            0.29   0.16   0.38   0.42   15.50   44723.44   0.64 
SBERT   cos-sim         0.51   0.34   0.66   0.70   2.00     27.26     0.92 
HiT     SNO-23(F)       0.38   0.30   0.42   0.46   7.50     266.32    0.76 
HiT     SNO-25(F)       0.40   0.30   0.46   0.50   5.50     171.46    0.78 
OnTr    GALEN(P)        0.53   0.32   0.70   0.80   2.00     11.24     0.96 
OnTr    ANATOMY(P)      0.62   0.48   0.70   0.80   2.00     12.70     0.98 
OnTr    GO(P)           0.46   0.30   0.52   0.62   3.00     22.46     0.96 
OnTr    SNO-25(F-64)    0.55   0.42   0.64   0.70   2.00     168.90    0.92 
OnTr    SNO-25(M-32)    0.59   0.46   0.66   0.82   2.00     10.18     0.98 
OnTr    SNO-25(M-64)    0.61   0.48   0.68   0.80   2.00     12.28     0.96 
OnTr    SNO-25(M-128)   0.64   0.52   0.72   0.78   1.00     18.48     0.96 
Mixed   D_m(F)          0.45   0.34   0.50   0.54   3.50     78.08     0.82 
Mixed   D_m(M)          0.63   0.52   0.66   0.80   1.00     12.62     0.96 


 Printing LaTeX: 


\begin{table}[H]
	\caption[Single target performance of OOV mentions]{Single target retrieval performance of OOV entity mentions measured across multiple models (50 Queries)}
	\begin{center}
		\begin{tabular}{llccccccc}
			\toprule
			Model & Variant & MRR & H@1 & H@3 & H@5 & Med & MR & R@100 \\
			\midrule
			BoW & TFIDF & 0.26 & 0.16 & 0.30 & 0.34 & 18.50 & 90021.30 & 0.62 \\
			BoW & BM25 & 0.29 & 0.16 & 0.38 & 0.42 & 15.50 & 44723.44 & 0.64 \\
			SBERT & cos-sim & 0.51 & 0.34 & 0.66 & 0.70 & 2.00 & 27.26 & 0.92 \\
			HiT & SNO-23(F) & 0.38 & 0.30 & 0.42 & 0.46 & 7.50 & 266.32 & 0.76 \\
			HiT & SNO-25(F) & 0.40 & 0.30 & 0.46 & 0.50 & 5.50 & 171.46 & 0.78 \\
			OnTr & GALEN(P) & 0.53 & 0.32 & 0.70 & 0.80 & 2.00 & 11.24 & 0.96 \\
			OnTr & ANATOMY(P) & 0.62 & 0.48 & 0.70 & 0.80 & 2.00 & 12.70 & 0.98 \\
			OnTr & GO(P) & 0.46 & 0.30 & 0.52 & 0.62 & 3.00 & 22.46 & 0.96 \\
			OnTr & SNO-25(F-64) & 0.55 & 0.42 & 0.64 & 0.70 & 2.00 & 168.90 & 0.92 \\
			OnTr & SNO-25(M-32) & 0.59 & 0.46 & 0.66 & 0.82 & 2.00 & 10.18 & 0.98 \\
			OnTr & SNO-25(M-64) & 0.61 & 0.48 & 0.68 & 0.80 & 2.00 & 12.28 & 0.96 \\
			OnTr & SNO-25(M-128) & 0.64 & 0.52 & 0.72 & 0.78 & 1.00 & 18.48 & 0.96 \\
			Mixed & D_m(F) & 0.45 & 0.34 & 0.50 & 0.54 & 3.50 & 78.08 & 0.82 \\
			Mixed & D_m(M) & 0.63 & 0.52 & 0.66 & 0.80 & 1.00 & 12.62 & 0.96 \\
			\bottomrule
		\end{tabular}
	\end{center}
	\label{tab:single-target-oov}
\end{table}
