Model: BoW TFIDF
  MRR:    0.37
  H@1:    0.25
  H@3:    0.25
  H@5:    0.50
  Med:    5.0
  MR:     6.2
  R@100:  1.0
------------------------------------------------------------
Model: BoW BM25
  MRR:    0.50
  H@1:    0.25
  H@3:    0.75
  H@5:    0.75
  Med:    2.0
  MR:     16.5
  R@100:  1.0
------------------------------------------------------------
Model: SBERT cos-sim
  MRR:    0.66
  H@1:    0.50
  H@3:    0.75
  H@5:    0.75
  Med:    1.5
  MR:     2.8
  R@100:  1.0
------------------------------------------------------------
Model: HiT SNO-23(F)
  MRR:    0.46
  H@1:    0.25
  H@3:    0.75
  H@5:    0.75
  Med:    2.5
  MR:     81.5
  R@100:  0.75
------------------------------------------------------------
Model: HiT SNO-25(F)
  MRR:    0.75
  H@1:    0.75
  H@3:    0.75
  H@5:    0.75
  Med:    1.0
  MR:     197.8
  R@100:  0.75
------------------------------------------------------------
Model: OnTr GALEN(P)
  MRR:    0.65
  H@1:    0.50
  H@3:    0.75
  H@5:    0.75
  Med:    1.5
  MR:     4.0
  R@100:  1.0
------------------------------------------------------------
Model: OnTr ANATOMY(P)
  MRR:    0.65
  H@1:    0.50
  H@3:    0.75
  H@5:    0.75
  Med:    1.5
  MR:     3.5
  R@100:  1.0
------------------------------------------------------------
Model: OnTr GO(P)
  MRR:    0.44
  H@1:    0.25
  H@3:    0.50
  H@5:    0.75
  Med:    3.0
  MR:     101.8
  R@100:  0.75
------------------------------------------------------------
Model: OnTr SNO-25(F-64)
  MRR:    0.79
  H@1:    0.75
  H@3:    0.75
  H@5:    0.75
  Med:    1.0
  MR:     2.2
  R@100:  1.0
------------------------------------------------------------
Model: OnTr SNO-25(M-32)
  MRR:    0.65
  H@1:    0.50
  H@3:    0.75
  H@5:    1.00
  Med:    2.0
  MR:     2.2
  R@100:  1.0
------------------------------------------------------------
Model: OnTr SNO-25(M-64)
  MRR:    0.63
  H@1:    0.50
  H@3:    0.75
  H@5:    1.00
  Med:    2.0
  MR:     2.5
  R@100:  1.0
------------------------------------------------------------
Model: OnTr SNO-25(M-128)
  MRR:    0.65
  H@1:    0.50
  H@3:    0.75
  H@5:    0.75
  Med:    1.5
  MR:     3.2
  R@100:  1.0
------------------------------------------------------------
Model: Mixed D_m(F)
  MRR:    0.75
  H@1:    0.75
  H@3:    0.75
  H@5:    0.75
  Med:    1.0
  MR:     48.5
  R@100:  0.75
------------------------------------------------------------
Model: Mixed D_m(M)
  MRR:    0.63
  H@1:    0.50
  H@3:    0.75
  H@5:    1.00
  Med:    2.0
  MR:     2.5
  R@100:  1.0
------------------------------------------------------------
All results saved to ./results_additional/ANATOMY_ASSUMPTION_oov_entity_mentions_single_target_procedure_data_4_queries.json
Printing table: 


Model      Variant      MRR    H@1    H@3    H@5    Med      MR     R@100
=========================================================================
BoW     TFIDF           0.37   0.25   0.25   0.50   5.00    6.25    1.00 
BoW     BM25            0.50   0.25   0.75   0.75   2.00   16.50    1.00 
SBERT   cos-sim         0.66   0.50   0.75   0.75   1.50    2.75    1.00 
HiT     SNO-23(F)       0.46   0.25   0.75   0.75   2.50   81.50    0.75 
HiT     SNO-25(F)       0.75   0.75   0.75   0.75   1.00   197.75   0.75 
OnTr    GALEN(P)        0.65   0.50   0.75   0.75   1.50    4.00    1.00 
OnTr    ANATOMY(P)      0.65   0.50   0.75   0.75   1.50    3.50    1.00 
OnTr    GO(P)           0.44   0.25   0.50   0.75   3.00   101.75   0.75 
OnTr    SNO-25(F-64)    0.79   0.75   0.75   0.75   1.00    2.25    1.00 
OnTr    SNO-25(M-32)    0.65   0.50   0.75   1.00   2.00    2.25    1.00 
OnTr    SNO-25(M-64)    0.63   0.50   0.75   1.00   2.00    2.50    1.00 
OnTr    SNO-25(M-128)   0.65   0.50   0.75   0.75   1.50    3.25    1.00 
Mixed   D_m(F)          0.75   0.75   0.75   0.75   1.00   48.50    0.75 
Mixed   D_m(M)          0.63   0.50   0.75   1.00   2.00    2.50    1.00 


 Printing LaTeX: 


\begin{table}[H]
	\caption[Single target performance of OOV mentions]{Testing the ANATOMY assumption by assessing retrieval performance of OOV entity mentions measured on the procedure subset (4 Queries)}
	\begin{center}
		\begin{tabular}{llccccccc}
			\toprule
			Model & Variant & MRR & H@1 & H@3 & H@5 & Med & MR & R@100 \\
			\midrule
			BoW & TFIDF & 0.37 & 0.25 & 0.25 & 0.50 & 5.00 & 6.25 & 1.00 \\
			BoW & BM25 & 0.50 & 0.25 & 0.75 & 0.75 & 2.00 & 16.50 & 1.00 \\
			SBERT & cos-sim & 0.66 & 0.50 & 0.75 & 0.75 & 1.50 & 2.75 & 1.00 \\
			HiT & SNO-23(F) & 0.46 & 0.25 & 0.75 & 0.75 & 2.50 & 81.50 & 0.75 \\
			HiT & SNO-25(F) & 0.75 & 0.75 & 0.75 & 0.75 & 1.00 & 197.75 & 0.75 \\
			OnTr & GALEN(P) & 0.65 & 0.50 & 0.75 & 0.75 & 1.50 & 4.00 & 1.00 \\
			OnTr & ANATOMY(P) & 0.65 & 0.50 & 0.75 & 0.75 & 1.50 & 3.50 & 1.00 \\
			OnTr & GO(P) & 0.44 & 0.25 & 0.50 & 0.75 & 3.00 & 101.75 & 0.75 \\
			OnTr & SNO-25(F-64) & 0.79 & 0.75 & 0.75 & 0.75 & 1.00 & 2.25 & 1.00 \\
			OnTr & SNO-25(M-32) & 0.65 & 0.50 & 0.75 & 1.00 & 2.00 & 2.25 & 1.00 \\
			OnTr & SNO-25(M-64) & 0.63 & 0.50 & 0.75 & 1.00 & 2.00 & 2.50 & 1.00 \\
			OnTr & SNO-25(M-128) & 0.65 & 0.50 & 0.75 & 0.75 & 1.50 & 3.25 & 1.00 \\
			Mixed & D_m(F) & 0.75 & 0.75 & 0.75 & 0.75 & 1.00 & 48.50 & 0.75 \\
			Mixed & D_m(M) & 0.63 & 0.50 & 0.75 & 1.00 & 2.00 & 2.50 & 1.00 \\
			\bottomrule
		\end{tabular}
	\end{center}
	\label{tab:single-target-oov}
\end{table}
