Model: BoW TFIDF
  MRR:    0.25
  H@1:    0.17
  H@3:    0.33
  H@5:    0.33
  Med:    878.0
  MR:     125139.0
  R@100:  0.5
------------------------------------------------------------
Model: BoW BM25
  MRR:    0.50
  H@1:    0.50
  H@3:    0.50
  H@5:    0.50
  Med:    141.0
  MR:     86773.5
  R@100:  0.5
------------------------------------------------------------
Model: SBERT cos-sim
  MRR:    0.65
  H@1:    0.50
  H@3:    0.67
  H@5:    0.83
  Med:    1.5
  MR:     2.8
  R@100:  1.0
------------------------------------------------------------
Model: HiT SNO-23(F)
  MRR:    0.32
  H@1:    0.17
  H@3:    0.33
  H@5:    0.50
  Med:    6.0
  MR:     21.8
  R@100:  1.0
------------------------------------------------------------
Model: HiT SNO-25(F)
  MRR:    0.39
  H@1:    0.17
  H@3:    0.50
  H@5:    0.67
  Med:    3.0
  MR:     13.0
  R@100:  1.0
------------------------------------------------------------
Model: OnTr GALEN(P)
  MRR:    0.53
  H@1:    0.33
  H@3:    0.67
  H@5:    0.83
  Med:    2.5
  MR:     3.0
  R@100:  1.0
------------------------------------------------------------
Model: OnTr ANATOMY(P)
  MRR:    0.61
  H@1:    0.50
  H@3:    0.67
  H@5:    0.67
  Med:    2.0
  MR:     3.2
  R@100:  1.0
------------------------------------------------------------
Model: OnTr GO(P)
  MRR:    0.57
  H@1:    0.50
  H@3:    0.50
  H@5:    0.67
  Med:    2.5
  MR:     5.8
  R@100:  1.0
------------------------------------------------------------
Model: OnTr SNO-25(F-64)
  MRR:    0.65
  H@1:    0.50
  H@3:    0.67
  H@5:    0.83
  Med:    1.5
  MR:     2.8
  R@100:  1.0
------------------------------------------------------------
Model: OnTr SNO-25(M-32)
  MRR:    0.57
  H@1:    0.33
  H@3:    0.83
  H@5:    1.00
  Med:    2.5
  MR:     2.3
  R@100:  1.0
------------------------------------------------------------
Model: OnTr SNO-25(M-64)
  MRR:    0.60
  H@1:    0.33
  H@3:    0.83
  H@5:    1.00
  Med:    2.0
  MR:     2.2
  R@100:  1.0
------------------------------------------------------------
Model: OnTr SNO-25(M-128)
  MRR:    0.60
  H@1:    0.33
  H@3:    0.83
  H@5:    1.00
  Med:    2.0
  MR:     2.2
  R@100:  1.0
------------------------------------------------------------
Model: Mixed D_m(F)
  MRR:    0.53
  H@1:    0.33
  H@3:    0.67
  H@5:    0.67
  Med:    2.0
  MR:     8.0
  R@100:  1.0
------------------------------------------------------------
Model: Mixed D_m(M)
  MRR:    0.57
  H@1:    0.33
  H@3:    0.83
  H@5:    1.00
  Med:    2.5
  MR:     2.3
  R@100:  1.0
------------------------------------------------------------
All results saved to ./results_additional/ANATOMY_ASSUMPTION_oov_entity_mentions_single_target_substance_data_12_queries.json
Printing table: 


Model      Variant      MRR    H@1    H@3    H@5     Med        MR       R@100
==============================================================================
BoW     TFIDF           0.25   0.17   0.33   0.33   878.00   125139.00   0.50 
BoW     BM25            0.50   0.50   0.50   0.50   141.00   86773.50    0.50 
SBERT   cos-sim         0.65   0.50   0.67   0.83    1.50      2.83      1.00 
HiT     SNO-23(F)       0.32   0.17   0.33   0.50    6.00      21.83     1.00 
HiT     SNO-25(F)       0.39   0.17   0.50   0.67    3.00      13.00     1.00 
OnTr    GALEN(P)        0.53   0.33   0.67   0.83    2.50      3.00      1.00 
OnTr    ANATOMY(P)      0.61   0.50   0.67   0.67    2.00      3.17      1.00 
OnTr    GO(P)           0.57   0.50   0.50   0.67    2.50      5.83      1.00 
OnTr    SNO-25(F-64)    0.65   0.50   0.67   0.83    1.50      2.83      1.00 
OnTr    SNO-25(M-32)    0.57   0.33   0.83   1.00    2.50      2.33      1.00 
OnTr    SNO-25(M-64)    0.60   0.33   0.83   1.00    2.00      2.17      1.00 
OnTr    SNO-25(M-128)   0.60   0.33   0.83   1.00    2.00      2.17      1.00 
Mixed   D_m(F)          0.53   0.33   0.67   0.67    2.00      8.00      1.00 
Mixed   D_m(M)          0.57   0.33   0.83   1.00    2.50      2.33      1.00 


 Printing LaTeX: 


\begin{table}[H]
	\caption[Single target performance of OOV mentions]{Testing the ANATOMY assumption by assessing retrieval performance of OOV entity mentions measured on the substance subset (12 Queries)}
	\begin{center}
		\begin{tabular}{llccccccc}
			\toprule
			Model & Variant & MRR & H@1 & H@3 & H@5 & Med & MR & R@100 \\
			\midrule
			BoW & TFIDF & 0.25 & 0.17 & 0.33 & 0.33 & 878.00 & 125139.00 & 0.50 \\
			BoW & BM25 & 0.50 & 0.50 & 0.50 & 0.50 & 141.00 & 86773.50 & 0.50 \\
			SBERT & cos-sim & 0.65 & 0.50 & 0.67 & 0.83 & 1.50 & 2.83 & 1.00 \\
			HiT & SNO-23(F) & 0.32 & 0.17 & 0.33 & 0.50 & 6.00 & 21.83 & 1.00 \\
			HiT & SNO-25(F) & 0.39 & 0.17 & 0.50 & 0.67 & 3.00 & 13.00 & 1.00 \\
			OnTr & GALEN(P) & 0.53 & 0.33 & 0.67 & 0.83 & 2.50 & 3.00 & 1.00 \\
			OnTr & ANATOMY(P) & 0.61 & 0.50 & 0.67 & 0.67 & 2.00 & 3.17 & 1.00 \\
			OnTr & GO(P) & 0.57 & 0.50 & 0.50 & 0.67 & 2.50 & 5.83 & 1.00 \\
			OnTr & SNO-25(F-64) & 0.65 & 0.50 & 0.67 & 0.83 & 1.50 & 2.83 & 1.00 \\
			OnTr & SNO-25(M-32) & 0.57 & 0.33 & 0.83 & 1.00 & 2.50 & 2.33 & 1.00 \\
			OnTr & SNO-25(M-64) & 0.60 & 0.33 & 0.83 & 1.00 & 2.00 & 2.17 & 1.00 \\
			OnTr & SNO-25(M-128) & 0.60 & 0.33 & 0.83 & 1.00 & 2.00 & 2.17 & 1.00 \\
			Mixed & D_m(F) & 0.53 & 0.33 & 0.67 & 0.67 & 2.00 & 8.00 & 1.00 \\
			Mixed & D_m(M) & 0.57 & 0.33 & 0.83 & 1.00 & 2.50 & 2.33 & 1.00 \\
			\bottomrule
		\end{tabular}
	\end{center}
	\label{tab:single-target-oov}
\end{table}
