Model: BoW TFIDF
  MRR:    0.21
  H@1:    0.17
  H@3:    0.25
  H@5:    0.25
  Med:    188.0
  MR:     93884.7
  R@100:  0.4166666666666667
------------------------------------------------------------
Model: BoW BM25
  MRR:    0.16
  H@1:    0.08
  H@3:    0.17
  H@5:    0.25
  Med:    89.5
  MR:     54539.2
  R@100:  0.5
------------------------------------------------------------
Model: SBERT cos-sim
  MRR:    0.54
  H@1:    0.42
  H@3:    0.67
  H@5:    0.67
  Med:    2.5
  MR:     12.7
  R@100:  0.9166666666666666
------------------------------------------------------------
Model: HiT SNO-23(F)
  MRR:    0.52
  H@1:    0.50
  H@3:    0.50
  H@5:    0.50
  Med:    5.5
  MR:     86.3
  R@100:  0.75
------------------------------------------------------------
Model: HiT SNO-25(F)
  MRR:    0.39
  H@1:    0.33
  H@3:    0.42
  H@5:    0.42
  Med:    25.5
  MR:     284.0
  R@100:  0.75
------------------------------------------------------------
Model: OnTr GALEN(P)
  MRR:    0.42
  H@1:    0.25
  H@3:    0.50
  H@5:    0.67
  Med:    3.5
  MR:     18.6
  R@100:  0.9166666666666666
------------------------------------------------------------
Model: OnTr ANATOMY(P)
  MRR:    0.62
  H@1:    0.50
  H@3:    0.58
  H@5:    0.83
  Med:    1.5
  MR:     4.6
  R@100:  1.0
------------------------------------------------------------
Model: OnTr GO(P)
  MRR:    0.32
  H@1:    0.17
  H@3:    0.33
  H@5:    0.50
  Med:    5.5
  MR:     11.9
  R@100:  1.0
------------------------------------------------------------
Model: OnTr SNO-25(F-64)
  MRR:    0.53
  H@1:    0.42
  H@3:    0.67
  H@5:    0.67
  Med:    2.5
  MR:     32.9
  R@100:  0.9166666666666666
------------------------------------------------------------
Model: OnTr SNO-25(M-32)
  MRR:    0.79
  H@1:    0.67
  H@3:    0.92
  H@5:    0.92
  Med:    1.0
  MR:     9.5
  R@100:  1.0
------------------------------------------------------------
Model: OnTr SNO-25(M-64)
  MRR:    0.83
  H@1:    0.75
  H@3:    0.92
  H@5:    0.92
  Med:    1.0
  MR:     12.0
  R@100:  0.9166666666666666
------------------------------------------------------------
Model: OnTr SNO-25(M-128)
  MRR:    0.88
  H@1:    0.83
  H@3:    0.92
  H@5:    0.92
  Med:    1.0
  MR:     16.6
  R@100:  0.9166666666666666
------------------------------------------------------------
Model: Mixed D_m(F)
  MRR:    0.41
  H@1:    0.33
  H@3:    0.42
  H@5:    0.50
  Med:    7.0
  MR:     133.8
  R@100:  0.75
------------------------------------------------------------
Model: Mixed D_m(M)
  MRR:    0.92
  H@1:    0.92
  H@3:    0.92
  H@5:    0.92
  Med:    1.0
  MR:     12.3
  R@100:  0.9166666666666666
------------------------------------------------------------
All results saved to ./results_additional/ANATOMY_ASSUMPTION_oov_entity_mentions_single_target_disorder_data_6_queries.json
Printing table: 


Model      Variant      MRR    H@1    H@3    H@5     Med        MR      R@100
=============================================================================
BoW     TFIDF           0.21   0.17   0.25   0.25   188.00   93884.67   0.42 
BoW     BM25            0.16   0.08   0.17   0.25   89.50    54539.17   0.50 
SBERT   cos-sim         0.54   0.42   0.67   0.67    2.50     12.67     0.92 
HiT     SNO-23(F)       0.52   0.50   0.50   0.50    5.50     86.33     0.75 
HiT     SNO-25(F)       0.39   0.33   0.42   0.42   25.50     284.00    0.75 
OnTr    GALEN(P)        0.42   0.25   0.50   0.67    3.50     18.58     0.92 
OnTr    ANATOMY(P)      0.62   0.50   0.58   0.83    1.50      4.58     1.00 
OnTr    GO(P)           0.32   0.17   0.33   0.50    5.50     11.92     1.00 
OnTr    SNO-25(F-64)    0.53   0.42   0.67   0.67    2.50     32.92     0.92 
OnTr    SNO-25(M-32)    0.79   0.67   0.92   0.92    1.00      9.50     1.00 
OnTr    SNO-25(M-64)    0.83   0.75   0.92   0.92    1.00     12.00     0.92 
OnTr    SNO-25(M-128)   0.88   0.83   0.92   0.92    1.00     16.58     0.92 
Mixed   D_m(F)          0.41   0.33   0.42   0.50    7.00     133.83    0.75 
Mixed   D_m(M)          0.92   0.92   0.92   0.92    1.00     12.33     0.92 


 Printing LaTeX: 


\begin{table}[H]
	\caption[Single target performance of OOV mentions]{Testing the ANATOMY assumption by assessing retrieval performance of OOV entity mentions measured on the disorder subset (6 Queries)}
	\begin{center}
		\begin{tabular}{llccccccc}
			\toprule
			Model & Variant & MRR & H@1 & H@3 & H@5 & Med & MR & R@100 \\
			\midrule
			BoW & TFIDF & 0.21 & 0.17 & 0.25 & 0.25 & 188.00 & 93884.67 & 0.42 \\
			BoW & BM25 & 0.16 & 0.08 & 0.17 & 0.25 & 89.50 & 54539.17 & 0.50 \\
			SBERT & cos-sim & 0.54 & 0.42 & 0.67 & 0.67 & 2.50 & 12.67 & 0.92 \\
			HiT & SNO-23(F) & 0.52 & 0.50 & 0.50 & 0.50 & 5.50 & 86.33 & 0.75 \\
			HiT & SNO-25(F) & 0.39 & 0.33 & 0.42 & 0.42 & 25.50 & 284.00 & 0.75 \\
			OnTr & GALEN(P) & 0.42 & 0.25 & 0.50 & 0.67 & 3.50 & 18.58 & 0.92 \\
			OnTr & ANATOMY(P) & 0.62 & 0.50 & 0.58 & 0.83 & 1.50 & 4.58 & 1.00 \\
			OnTr & GO(P) & 0.32 & 0.17 & 0.33 & 0.50 & 5.50 & 11.92 & 1.00 \\
			OnTr & SNO-25(F-64) & 0.53 & 0.42 & 0.67 & 0.67 & 2.50 & 32.92 & 0.92 \\
			OnTr & SNO-25(M-32) & 0.79 & 0.67 & 0.92 & 0.92 & 1.00 & 9.50 & 1.00 \\
			OnTr & SNO-25(M-64) & 0.83 & 0.75 & 0.92 & 0.92 & 1.00 & 12.00 & 0.92 \\
			OnTr & SNO-25(M-128) & 0.88 & 0.83 & 0.92 & 0.92 & 1.00 & 16.58 & 0.92 \\
			Mixed & D_m(F) & 0.41 & 0.33 & 0.42 & 0.50 & 7.00 & 133.83 & 0.75 \\
			Mixed & D_m(M) & 0.92 & 0.92 & 0.92 & 0.92 & 1.00 & 12.33 & 0.92 \\
			\bottomrule
		\end{tabular}
	\end{center}
	\label{tab:single-target-oov}
\end{table}
