Model: BoW TFIDF
  MRR:    0.27
  H@1:    0.15
  H@3:    0.31
  H@5:    0.35
  Med:    11.0
  MR:     86502.0
  R@100:  0.6923076923076923
------------------------------------------------------------
Model: BoW BM25
  MRR:    0.29
  H@1:    0.12
  H@3:    0.42
  H@5:    0.46
  Med:    6.0
  MR:     35847.3
  R@100:  0.6923076923076923
------------------------------------------------------------
Model: SBERT cos-sim
  MRR:    0.46
  H@1:    0.27
  H@3:    0.65
  H@5:    0.69
  Med:    2.5
  MR:     45.0
  R@100:  0.8846153846153846
------------------------------------------------------------
Model: HiT SNO-23(F)
  MRR:    0.29
  H@1:    0.23
  H@3:    0.31
  H@5:    0.35
  Med:    24.5
  MR:     454.6
  R@100:  0.6923076923076923
------------------------------------------------------------
Model: HiT SNO-25(F)
  MRR:    0.33
  H@1:    0.23
  H@3:    0.38
  H@5:    0.42
  Med:    8.0
  MR:     165.1
  R@100:  0.7307692307692307
------------------------------------------------------------
Model: OnTr GALEN(P)
  MRR:    0.57
  H@1:    0.35
  H@3:    0.81
  H@5:    0.85
  Med:    2.0
  MR:     11.5
  R@100:  0.9615384615384616
------------------------------------------------------------
Model: OnTr ANATOMY(P)
  MRR:    0.62
  H@1:    0.50
  H@3:    0.73
  H@5:    0.81
  Med:    1.5
  MR:     20.9
  R@100:  0.9615384615384616
------------------------------------------------------------
Model: OnTr GO(P)
  MRR:    0.49
  H@1:    0.31
  H@3:    0.62
  H@5:    0.65
  Med:    2.0
  MR:     20.3
  R@100:  0.9615384615384616
------------------------------------------------------------
Model: OnTr SNO-25(F-64)
  MRR:    0.52
  H@1:    0.38
  H@3:    0.65
  H@5:    0.69
  Med:    2.0
  MR:     308.2
  R@100:  0.8846153846153846
------------------------------------------------------------
Model: OnTr SNO-25(M-32)
  MRR:    0.52
  H@1:    0.42
  H@3:    0.50
  H@5:    0.73
  Med:    3.5
  MR:     13.9
  R@100:  0.9615384615384616
------------------------------------------------------------
Model: OnTr SNO-25(M-64)
  MRR:    0.53
  H@1:    0.42
  H@3:    0.54
  H@5:    0.69
  Med:    2.5
  MR:     16.5
  R@100:  0.9615384615384616
------------------------------------------------------------
Model: OnTr SNO-25(M-128)
  MRR:    0.55
  H@1:    0.46
  H@3:    0.58
  H@5:    0.65
  Med:    2.5
  MR:     26.7
  R@100:  0.9615384615384616
------------------------------------------------------------
Model: Mixed D_m(F)
  MRR:    0.35
  H@1:    0.23
  H@3:    0.42
  H@5:    0.46
  Med:    6.5
  MR:     79.0
  R@100:  0.8076923076923077
------------------------------------------------------------
Model: Mixed D_m(M)
  MRR:    0.53
  H@1:    0.42
  H@3:    0.50
  H@5:    0.65
  Med:    3.0
  MR:     17.4
  R@100:  0.9615384615384616
------------------------------------------------------------
All results saved to ./results_additional/ANATOMY_ASSUMPTION_oov_entity_mentions_single_target_combined_positive_data_26_queries.json
Printing table: 


Model      Variant      MRR    H@1    H@3    H@5     Med       MR      R@100
============================================================================
BoW     TFIDF           0.27   0.15   0.31   0.35   11.00   86501.96   0.69 
BoW     BM25            0.29   0.12   0.42   0.46   6.00    35847.35   0.69 
SBERT   cos-sim         0.46   0.27   0.65   0.69   2.50     45.04     0.88 
HiT     SNO-23(F)       0.29   0.23   0.31   0.35   24.50    454.62    0.69 
HiT     SNO-25(F)       0.33   0.23   0.38   0.42   8.00     165.12    0.73 
OnTr    GALEN(P)        0.57   0.35   0.81   0.85   2.00     11.50     0.96 
OnTr    ANATOMY(P)      0.62   0.50   0.73   0.81   1.50     20.88     0.96 
OnTr    GO(P)           0.49   0.31   0.62   0.65   2.00     20.35     0.96 
OnTr    SNO-25(F-64)    0.52   0.38   0.65   0.69   2.00     308.23    0.88 
OnTr    SNO-25(M-32)    0.52   0.42   0.50   0.73   3.50     13.92     0.96 
OnTr    SNO-25(M-64)    0.53   0.42   0.54   0.69   2.50     16.54     0.96 
OnTr    SNO-25(M-128)   0.55   0.46   0.58   0.65   2.50     26.69     0.96 
Mixed   D_m(F)          0.35   0.23   0.42   0.46   6.50     79.00     0.81 
Mixed   D_m(M)          0.53   0.42   0.50   0.65   3.00     17.42     0.96 


 Printing LaTeX: 


\begin{table}[H]
	\caption[Single target performance of OOV mentions]{Testing the ANATOMY assumption by assessing retrieval performance of OOV entity mentions measured on combined positive examples (26 Queries)}
	\begin{center}
		\begin{tabular}{llccccccc}
			\toprule
			Model & Variant & MRR & H@1 & H@3 & H@5 & Med & MR & R@100 \\
			\midrule
			BoW & TFIDF & 0.27 & 0.15 & 0.31 & 0.35 & 11.00 & 86501.96 & 0.69 \\
			BoW & BM25 & 0.29 & 0.12 & 0.42 & 0.46 & 6.00 & 35847.35 & 0.69 \\
			SBERT & cos-sim & 0.46 & 0.27 & 0.65 & 0.69 & 2.50 & 45.04 & 0.88 \\
			HiT & SNO-23(F) & 0.29 & 0.23 & 0.31 & 0.35 & 24.50 & 454.62 & 0.69 \\
			HiT & SNO-25(F) & 0.33 & 0.23 & 0.38 & 0.42 & 8.00 & 165.12 & 0.73 \\
			OnTr & GALEN(P) & 0.57 & 0.35 & 0.81 & 0.85 & 2.00 & 11.50 & 0.96 \\
			OnTr & ANATOMY(P) & 0.62 & 0.50 & 0.73 & 0.81 & 1.50 & 20.88 & 0.96 \\
			OnTr & GO(P) & 0.49 & 0.31 & 0.62 & 0.65 & 2.00 & 20.35 & 0.96 \\
			OnTr & SNO-25(F-64) & 0.52 & 0.38 & 0.65 & 0.69 & 2.00 & 308.23 & 0.88 \\
			OnTr & SNO-25(M-32) & 0.52 & 0.42 & 0.50 & 0.73 & 3.50 & 13.92 & 0.96 \\
			OnTr & SNO-25(M-64) & 0.53 & 0.42 & 0.54 & 0.69 & 2.50 & 16.54 & 0.96 \\
			OnTr & SNO-25(M-128) & 0.55 & 0.46 & 0.58 & 0.65 & 2.50 & 26.69 & 0.96 \\
			Mixed & D_m(F) & 0.35 & 0.23 & 0.42 & 0.46 & 6.50 & 79.00 & 0.81 \\
			Mixed & D_m(M) & 0.53 & 0.42 & 0.50 & 0.65 & 3.00 & 17.42 & 0.96 \\
			\bottomrule
		\end{tabular}
	\end{center}
	\label{tab:single-target-oov}
\end{table}
