Model: BoW TFIDF
  MRR:    0.25
  H@1:    0.17
  H@3:    0.29
  H@5:    0.33
  Med:    40.0
  MR:     93833.9
  R@100:  0.5416666666666666
------------------------------------------------------------
Model: BoW BM25
  MRR:    0.29
  H@1:    0.21
  H@3:    0.33
  H@5:    0.38
  Med:    53.5
  MR:     54339.2
  R@100:  0.5833333333333334
------------------------------------------------------------
Model: SBERT cos-sim
  MRR:    0.56
  H@1:    0.42
  H@3:    0.67
  H@5:    0.71
  Med:    2.0
  MR:     8.0
  R@100:  0.9583333333333334
------------------------------------------------------------
Model: HiT SNO-23(F)
  MRR:    0.48
  H@1:    0.38
  H@3:    0.54
  H@5:    0.58
  Med:    2.5
  MR:     62.3
  R@100:  0.8333333333333334
------------------------------------------------------------
Model: HiT SNO-25(F)
  MRR:    0.48
  H@1:    0.38
  H@3:    0.54
  H@5:    0.58
  Med:    2.0
  MR:     178.3
  R@100:  0.8333333333333334
------------------------------------------------------------
Model: OnTr GALEN(P)
  MRR:    0.48
  H@1:    0.29
  H@3:    0.58
  H@5:    0.75
  Med:    2.5
  MR:     11.0
  R@100:  0.9583333333333334
------------------------------------------------------------
Model: OnTr ANATOMY(P)
  MRR:    0.61
  H@1:    0.46
  H@3:    0.67
  H@5:    0.79
  Med:    2.0
  MR:     3.8
  R@100:  1.0
------------------------------------------------------------
Model: OnTr GO(P)
  MRR:    0.42
  H@1:    0.29
  H@3:    0.42
  H@5:    0.58
  Med:    4.5
  MR:     24.8
  R@100:  0.9583333333333334
------------------------------------------------------------
Model: OnTr SNO-25(F-64)
  MRR:    0.58
  H@1:    0.46
  H@3:    0.62
  H@5:    0.71
  Med:    2.0
  MR:     18.0
  R@100:  0.9583333333333334
------------------------------------------------------------
Model: OnTr SNO-25(M-32)
  MRR:    0.67
  H@1:    0.50
  H@3:    0.83
  H@5:    0.92
  Med:    1.5
  MR:     6.1
  R@100:  1.0
------------------------------------------------------------
Model: OnTr SNO-25(M-64)
  MRR:    0.70
  H@1:    0.54
  H@3:    0.83
  H@5:    0.92
  Med:    1.0
  MR:     7.7
  R@100:  0.9583333333333334
------------------------------------------------------------
Model: OnTr SNO-25(M-128)
  MRR:    0.73
  H@1:    0.58
  H@3:    0.88
  H@5:    0.92
  Med:    1.0
  MR:     9.6
  R@100:  0.9583333333333334
------------------------------------------------------------
Model: Mixed D_m(F)
  MRR:    0.55
  H@1:    0.46
  H@3:    0.58
  H@5:    0.62
  Med:    2.0
  MR:     77.1
  R@100:  0.8333333333333334
------------------------------------------------------------
Model: Mixed D_m(M)
  MRR:    0.74
  H@1:    0.62
  H@3:    0.83
  H@5:    0.96
  Med:    1.0
  MR:     7.4
  R@100:  0.9583333333333334
------------------------------------------------------------
All results saved to ./results_additional/ANATOMY_ASSUMPTION_oov_entity_mentions_single_target_device_data_2_queries.json
Printing table: 


Model      Variant      MRR    H@1    H@3    H@5     Med       MR      R@100
============================================================================
BoW     TFIDF           0.25   0.17   0.29   0.33   40.00   93833.92   0.54 
BoW     BM25            0.29   0.21   0.33   0.38   53.50   54339.21   0.58 
SBERT   cos-sim         0.56   0.42   0.67   0.71   2.00      8.00     0.96 
HiT     SNO-23(F)       0.48   0.38   0.54   0.58   2.50     62.33     0.83 
HiT     SNO-25(F)       0.48   0.38   0.54   0.58   2.00     178.33    0.83 
OnTr    GALEN(P)        0.48   0.29   0.58   0.75   2.50     10.96     0.96 
OnTr    ANATOMY(P)      0.61   0.46   0.67   0.79   2.00      3.83     1.00 
OnTr    GO(P)           0.42   0.29   0.42   0.58   4.50     24.75     0.96 
OnTr    SNO-25(F-64)    0.58   0.46   0.62   0.71   2.00     17.96     0.96 
OnTr    SNO-25(M-32)    0.67   0.50   0.83   0.92   1.50      6.12     1.00 
OnTr    SNO-25(M-64)    0.70   0.54   0.83   0.92   1.00      7.67     0.96 
OnTr    SNO-25(M-128)   0.73   0.58   0.88   0.92   1.00      9.58     0.96 
Mixed   D_m(F)          0.55   0.46   0.58   0.62   2.00     77.08     0.83 
Mixed   D_m(M)          0.74   0.62   0.83   0.96   1.00      7.42     0.96 


 Printing LaTeX: 


\begin{table}[H]
	\caption[Single target performance of OOV mentions]{Testing the ANATOMY assumption by assessing retrieval performance of OOV entity mentions measured on combined negative examples (24 Queries)}
	\begin{center}
		\begin{tabular}{llccccccc}
			\toprule
			Model & Variant & MRR & H@1 & H@3 & H@5 & Med & MR & R@100 \\
			\midrule
			BoW & TFIDF & 0.25 & 0.17 & 0.29 & 0.33 & 40.00 & 93833.92 & 0.54 \\
			BoW & BM25 & 0.29 & 0.21 & 0.33 & 0.38 & 53.50 & 54339.21 & 0.58 \\
			SBERT & cos-sim & 0.56 & 0.42 & 0.67 & 0.71 & 2.00 & 8.00 & 0.96 \\
			HiT & SNO-23(F) & 0.48 & 0.38 & 0.54 & 0.58 & 2.50 & 62.33 & 0.83 \\
			HiT & SNO-25(F) & 0.48 & 0.38 & 0.54 & 0.58 & 2.00 & 178.33 & 0.83 \\
			OnTr & GALEN(P) & 0.48 & 0.29 & 0.58 & 0.75 & 2.50 & 10.96 & 0.96 \\
			OnTr & ANATOMY(P) & 0.61 & 0.46 & 0.67 & 0.79 & 2.00 & 3.83 & 1.00 \\
			OnTr & GO(P) & 0.42 & 0.29 & 0.42 & 0.58 & 4.50 & 24.75 & 0.96 \\
			OnTr & SNO-25(F-64) & 0.58 & 0.46 & 0.62 & 0.71 & 2.00 & 17.96 & 0.96 \\
			OnTr & SNO-25(M-32) & 0.67 & 0.50 & 0.83 & 0.92 & 1.50 & 6.12 & 1.00 \\
			OnTr & SNO-25(M-64) & 0.70 & 0.54 & 0.83 & 0.92 & 1.00 & 7.67 & 0.96 \\
			OnTr & SNO-25(M-128) & 0.73 & 0.58 & 0.88 & 0.92 & 1.00 & 9.58 & 0.96 \\
			Mixed & D_m(F) & 0.55 & 0.46 & 0.58 & 0.62 & 2.00 & 77.08 & 0.83 \\
			Mixed & D_m(M) & 0.74 & 0.62 & 0.83 & 0.96 & 1.00 & 7.42 & 0.96 \\
			\bottomrule
		\end{tabular}
	\end{center}
	\label{tab:single-target-oov}
\end{table}
