Model: BoW TFIDF
  MRR:    0.30
  H@1:    0.20
  H@3:    0.35
  H@5:    0.35
  Med:    17.0
  MR:     93653.0
  R@100:  0.7
------------------------------------------------------------
Model: BoW BM25
  MRR:    0.31
  H@1:    0.15
  H@3:    0.40
  H@5:    0.45
  Med:    6.5
  MR:     40190.4
  R@100:  0.65
------------------------------------------------------------
Model: SBERT cos-sim
  MRR:    0.45
  H@1:    0.25
  H@3:    0.65
  H@5:    0.70
  Med:    2.5
  MR:     37.6
  R@100:  0.9
------------------------------------------------------------
Model: HiT SNO-23(F)
  MRR:    0.28
  H@1:    0.20
  H@3:    0.30
  H@5:    0.35
  Med:    16.0
  MR:     418.1
  R@100:  0.7
------------------------------------------------------------
Model: HiT SNO-25(F)
  MRR:    0.30
  H@1:    0.20
  H@3:    0.35
  H@5:    0.40
  Med:    8.0
  MR:     188.2
  R@100:  0.75
------------------------------------------------------------
Model: OnTr GALEN(P)
  MRR:    0.57
  H@1:    0.35
  H@3:    0.80
  H@5:    0.80
  Med:    2.0
  MR:     14.2
  R@100:  0.95
------------------------------------------------------------
Model: OnTr ANATOMY(P)
  MRR:    0.58
  H@1:    0.45
  H@3:    0.65
  H@5:    0.75
  Med:    2.0
  MR:     26.6
  R@100:  0.95
------------------------------------------------------------
Model: OnTr GO(P)
  MRR:    0.48
  H@1:    0.30
  H@3:    0.60
  H@5:    0.65
  Med:    2.0
  MR:     24.9
  R@100:  0.95
------------------------------------------------------------
Model: OnTr SNO-25(F-64)
  MRR:    0.51
  H@1:    0.35
  H@3:    0.65
  H@5:    0.70
  Med:    2.0
  MR:     67.3
  R@100:  0.9
------------------------------------------------------------
Model: OnTr SNO-25(M-32)
  MRR:    0.52
  H@1:    0.40
  H@3:    0.50
  H@5:    0.80
  Med:    3.5
  MR:     14.7
  R@100:  0.95
------------------------------------------------------------
Model: OnTr SNO-25(M-64)
  MRR:    0.51
  H@1:    0.40
  H@3:    0.50
  H@5:    0.70
  Med:    3.0
  MR:     18.7
  R@100:  0.95
------------------------------------------------------------
Model: OnTr SNO-25(M-128)
  MRR:    0.54
  H@1:    0.45
  H@3:    0.55
  H@5:    0.65
  Med:    2.5
  MR:     32.0
  R@100:  0.95
------------------------------------------------------------
Model: Mixed D_m(F)
  MRR:    0.33
  H@1:    0.20
  H@3:    0.40
  H@5:    0.45
  Med:    6.5
  MR:     89.5
  R@100:  0.8
------------------------------------------------------------
Model: Mixed D_m(M)
  MRR:    0.52
  H@1:    0.40
  H@3:    0.50
  H@5:    0.65
  Med:    3.0
  MR:     19.6
  R@100:  0.95
------------------------------------------------------------
All results saved to ./results_additional/ANATOMY_ASSUMPTION_oov_entity_mentions_single_target_anatomy_data_20_queries.json
Printing table: 


Model      Variant      MRR    H@1    H@3    H@5     Med       MR      R@100
============================================================================
BoW     TFIDF           0.30   0.20   0.35   0.35   17.00   93653.00   0.70 
BoW     BM25            0.31   0.15   0.40   0.45   6.50    40190.45   0.65 
SBERT   cos-sim         0.45   0.25   0.65   0.70   2.50     37.60     0.90 
HiT     SNO-23(F)       0.28   0.20   0.30   0.35   16.00    418.15    0.70 
HiT     SNO-25(F)       0.30   0.20   0.35   0.40   8.00     188.20    0.75 
OnTr    GALEN(P)        0.57   0.35   0.80   0.80   2.00     14.25     0.95 
OnTr    ANATOMY(P)      0.58   0.45   0.65   0.75   2.00     26.65     0.95 
OnTr    GO(P)           0.48   0.30   0.60   0.65   2.00     24.90     0.95 
OnTr    SNO-25(F-64)    0.51   0.35   0.65   0.70   2.00     67.30     0.90 
OnTr    SNO-25(M-32)    0.52   0.40   0.50   0.80   3.50     14.65     0.95 
OnTr    SNO-25(M-64)    0.51   0.40   0.50   0.70   3.00     18.70     0.95 
OnTr    SNO-25(M-128)   0.54   0.45   0.55   0.65   2.50     32.05     0.95 
Mixed   D_m(F)          0.33   0.20   0.40   0.45   6.50     89.45     0.80 
Mixed   D_m(M)          0.52   0.40   0.50   0.65   3.00     19.60     0.95 


 Printing LaTeX: 


\begin{table}[H]
	\caption[Single target performance of OOV mentions]{Testing the ANATOMY assumption by assessing retrieval performance of OOV entity mentions measured on anatomy examples (20 Queries)}
	\begin{center}
		\begin{tabular}{llccccccc}
			\toprule
			Model & Variant & MRR & H@1 & H@3 & H@5 & Med & MR & R@100 \\
			\midrule
			BoW & TFIDF & 0.30 & 0.20 & 0.35 & 0.35 & 17.00 & 93653.00 & 0.70 \\
			BoW & BM25 & 0.31 & 0.15 & 0.40 & 0.45 & 6.50 & 40190.45 & 0.65 \\
			SBERT & cos-sim & 0.45 & 0.25 & 0.65 & 0.70 & 2.50 & 37.60 & 0.90 \\
			HiT & SNO-23(F) & 0.28 & 0.20 & 0.30 & 0.35 & 16.00 & 418.15 & 0.70 \\
			HiT & SNO-25(F) & 0.30 & 0.20 & 0.35 & 0.40 & 8.00 & 188.20 & 0.75 \\
			OnTr & GALEN(P) & 0.57 & 0.35 & 0.80 & 0.80 & 2.00 & 14.25 & 0.95 \\
			OnTr & ANATOMY(P) & 0.58 & 0.45 & 0.65 & 0.75 & 2.00 & 26.65 & 0.95 \\
			OnTr & GO(P) & 0.48 & 0.30 & 0.60 & 0.65 & 2.00 & 24.90 & 0.95 \\
			OnTr & SNO-25(F-64) & 0.51 & 0.35 & 0.65 & 0.70 & 2.00 & 67.30 & 0.90 \\
			OnTr & SNO-25(M-32) & 0.52 & 0.40 & 0.50 & 0.80 & 3.50 & 14.65 & 0.95 \\
			OnTr & SNO-25(M-64) & 0.51 & 0.40 & 0.50 & 0.70 & 3.00 & 18.70 & 0.95 \\
			OnTr & SNO-25(M-128) & 0.54 & 0.45 & 0.55 & 0.65 & 2.50 & 32.05 & 0.95 \\
			Mixed & D_m(F) & 0.33 & 0.20 & 0.40 & 0.45 & 6.50 & 89.45 & 0.80 \\
			Mixed & D_m(M) & 0.52 & 0.40 & 0.50 & 0.65 & 3.00 & 19.60 & 0.95 \\
			\bottomrule
		\end{tabular}
	\end{center}
	\label{tab:single-target-oov}
\end{table}
