Model: BoW TFIDF
  MRR:    0.16
  H@1:    0.00
  H@3:    0.17
  H@5:    0.33
  Med:    9.5
  MR:     62665.2
  R@100:  0.6666666666666666
------------------------------------------------------------
Model: BoW BM25
  MRR:    0.25
  H@1:    0.00
  H@3:    0.50
  H@5:    0.50
  Med:    4.5
  MR:     21370.3
  R@100:  0.8333333333333334
------------------------------------------------------------
Model: SBERT cos-sim
  MRR:    0.48
  H@1:    0.33
  H@3:    0.67
  H@5:    0.67
  Med:    2.5
  MR:     69.8
  R@100:  0.8333333333333334
------------------------------------------------------------
Model: HiT SNO-23(F)
  MRR:    0.35
  H@1:    0.33
  H@3:    0.33
  H@5:    0.33
  Med:    28.0
  MR:     576.2
  R@100:  0.6666666666666666
------------------------------------------------------------
Model: HiT SNO-25(F)
  MRR:    0.43
  H@1:    0.33
  H@3:    0.50
  H@5:    0.50
  Med:    11.5
  MR:     88.2
  R@100:  0.6666666666666666
------------------------------------------------------------
Model: OnTr GALEN(P)
  MRR:    0.59
  H@1:    0.33
  H@3:    0.83
  H@5:    1.00
  Med:    2.0
  MR:     2.3
  R@100:  1.0
------------------------------------------------------------
Model: OnTr ANATOMY(P)
  MRR:    0.78
  H@1:    0.67
  H@3:    1.00
  H@5:    1.00
  Med:    1.0
  MR:     1.7
  R@100:  1.0
------------------------------------------------------------
Model: OnTr GO(P)
  MRR:    0.54
  H@1:    0.33
  H@3:    0.67
  H@5:    0.67
  Med:    2.0
  MR:     5.2
  R@100:  1.0
------------------------------------------------------------
Model: OnTr SNO-25(F-64)
  MRR:    0.57
  H@1:    0.50
  H@3:    0.67
  H@5:    0.67
  Med:    2.0
  MR:     1111.3
  R@100:  0.8333333333333334
------------------------------------------------------------
Model: OnTr SNO-25(M-32)
  MRR:    0.54
  H@1:    0.50
  H@3:    0.50
  H@5:    0.50
  Med:    5.0
  MR:     11.5
  R@100:  1.0
------------------------------------------------------------
Model: OnTr SNO-25(M-64)
  MRR:    0.57
  H@1:    0.50
  H@3:    0.67
  H@5:    0.67
  Med:    2.0
  MR:     9.3
  R@100:  1.0
------------------------------------------------------------
Model: OnTr SNO-25(M-128)
  MRR:    0.57
  H@1:    0.50
  H@3:    0.67
  H@5:    0.67
  Med:    2.0
  MR:     8.8
  R@100:  1.0
------------------------------------------------------------
Model: Mixed D_m(F)
  MRR:    0.43
  H@1:    0.33
  H@3:    0.50
  H@5:    0.50
  Med:    7.5
  MR:     44.2
  R@100:  0.8333333333333334
------------------------------------------------------------
Model: Mixed D_m(M)
  MRR:    0.55
  H@1:    0.50
  H@3:    0.50
  H@5:    0.67
  Med:    3.0
  MR:     10.2
  R@100:  1.0
------------------------------------------------------------
All results saved to ./results_additional/ANATOMY_ASSUMPTION_oov_entity_mentions_single_target_abnormalities_data_6_queries.json
Printing table: 


Model      Variant      MRR    H@1    H@3    H@5     Med       MR      R@100
============================================================================
BoW     TFIDF           0.16   0.00   0.17   0.33   9.50    62665.17   0.67 
BoW     BM25            0.25   0.00   0.50   0.50   4.50    21370.33   0.83 
SBERT   cos-sim         0.48   0.33   0.67   0.67   2.50     69.83     0.83 
HiT     SNO-23(F)       0.35   0.33   0.33   0.33   28.00    576.17    0.67 
HiT     SNO-25(F)       0.43   0.33   0.50   0.50   11.50    88.17     0.67 
OnTr    GALEN(P)        0.59   0.33   0.83   1.00   2.00      2.33     1.00 
OnTr    ANATOMY(P)      0.78   0.67   1.00   1.00   1.00      1.67     1.00 
OnTr    GO(P)           0.54   0.33   0.67   0.67   2.00      5.17     1.00 
OnTr    SNO-25(F-64)    0.57   0.50   0.67   0.67   2.00    1111.33    0.83 
OnTr    SNO-25(M-32)    0.54   0.50   0.50   0.50   5.00     11.50     1.00 
OnTr    SNO-25(M-64)    0.57   0.50   0.67   0.67   2.00      9.33     1.00 
OnTr    SNO-25(M-128)   0.57   0.50   0.67   0.67   2.00      8.83     1.00 
Mixed   D_m(F)          0.43   0.33   0.50   0.50   7.50     44.17     0.83 
Mixed   D_m(M)          0.55   0.50   0.50   0.67   3.00     10.17     1.00 


 Printing LaTeX: 


\begin{table}[H]
	\caption[Single target performance of OOV mentions]{Testing the ANATOMY assumption by assessing retrieval performance of OOV entity mentions measured on abnormalities examples (6 Queries)}
	\begin{center}
		\begin{tabular}{llccccccc}
			\toprule
			Model & Variant & MRR & H@1 & H@3 & H@5 & Med & MR & R@100 \\
			\midrule
			BoW & TFIDF & 0.16 & 0.00 & 0.17 & 0.33 & 9.50 & 62665.17 & 0.67 \\
			BoW & BM25 & 0.25 & 0.00 & 0.50 & 0.50 & 4.50 & 21370.33 & 0.83 \\
			SBERT & cos-sim & 0.48 & 0.33 & 0.67 & 0.67 & 2.50 & 69.83 & 0.83 \\
			HiT & SNO-23(F) & 0.35 & 0.33 & 0.33 & 0.33 & 28.00 & 576.17 & 0.67 \\
			HiT & SNO-25(F) & 0.43 & 0.33 & 0.50 & 0.50 & 11.50 & 88.17 & 0.67 \\
			OnTr & GALEN(P) & 0.59 & 0.33 & 0.83 & 1.00 & 2.00 & 2.33 & 1.00 \\
			OnTr & ANATOMY(P) & 0.78 & 0.67 & 1.00 & 1.00 & 1.00 & 1.67 & 1.00 \\
			OnTr & GO(P) & 0.54 & 0.33 & 0.67 & 0.67 & 2.00 & 5.17 & 1.00 \\
			OnTr & SNO-25(F-64) & 0.57 & 0.50 & 0.67 & 0.67 & 2.00 & 1111.33 & 0.83 \\
			OnTr & SNO-25(M-32) & 0.54 & 0.50 & 0.50 & 0.50 & 5.00 & 11.50 & 1.00 \\
			OnTr & SNO-25(M-64) & 0.57 & 0.50 & 0.67 & 0.67 & 2.00 & 9.33 & 1.00 \\
			OnTr & SNO-25(M-128) & 0.57 & 0.50 & 0.67 & 0.67 & 2.00 & 8.83 & 1.00 \\
			Mixed & D_m(F) & 0.43 & 0.33 & 0.50 & 0.50 & 7.50 & 44.17 & 0.83 \\
			Mixed & D_m(M) & 0.55 & 0.50 & 0.50 & 0.67 & 3.00 & 10.17 & 1.00 \\
			\bottomrule
		\end{tabular}
	\end{center}
	\label{tab:single-target-oov}
\end{table}
