Model: BoW TFIDF
  MRR:    0.25
  H@1:    0.00
  H@3:    0.50
  H@5:    0.50
  Med:    187269.5
  MR:     187269.5
  R@100:  0.5
------------------------------------------------------------
Model: BoW BM25
  MRR:    0.01
  H@1:    0.00
  H@3:    0.00
  H@5:    0.00
  Med:    64482.0
  MR:     64482.0
  R@100:  0.5
------------------------------------------------------------
Model: SBERT cos-sim
  MRR:    0.22
  H@1:    0.00
  H@3:    0.50
  H@5:    0.50
  Med:    6.0
  MR:     6.0
  R@100:  1.0
------------------------------------------------------------
Model: HiT SNO-23(F)
  MRR:    0.75
  H@1:    0.50
  H@3:    1.00
  H@5:    1.00
  Med:    1.5
  MR:     1.5
  R@100:  1.0
------------------------------------------------------------
Model: HiT SNO-25(F)
  MRR:    0.75
  H@1:    0.50
  H@3:    1.00
  H@5:    1.00
  Med:    1.5
  MR:     1.5
  R@100:  1.0
------------------------------------------------------------
Model: OnTr GALEN(P)
  MRR:    0.38
  H@1:    0.00
  H@3:    0.50
  H@5:    1.00
  Med:    3.0
  MR:     3.0
  R@100:  1.0
------------------------------------------------------------
Model: OnTr ANATOMY(P)
  MRR:    0.50
  H@1:    0.00
  H@3:    1.00
  H@5:    1.00
  Med:    2.0
  MR:     2.0
  R@100:  1.0
------------------------------------------------------------
Model: OnTr GO(P)
  MRR:    0.56
  H@1:    0.50
  H@3:    0.50
  H@5:    0.50
  Med:    4.5
  MR:     4.5
  R@100:  1.0
------------------------------------------------------------
Model: OnTr SNO-25(F-64)
  MRR:    0.21
  H@1:    0.00
  H@3:    0.00
  H@5:    0.50
  Med:    5.0
  MR:     5.0
  R@100:  1.0
------------------------------------------------------------
Model: OnTr SNO-25(M-32)
  MRR:    0.31
  H@1:    0.00
  H@3:    0.50
  H@5:    0.50
  Med:    5.0
  MR:     5.0
  R@100:  1.0
------------------------------------------------------------
Model: OnTr SNO-25(M-64)
  MRR:    0.28
  H@1:    0.00
  H@3:    0.50
  H@5:    0.50
  Med:    8.5
  MR:     8.5
  R@100:  1.0
------------------------------------------------------------
Model: OnTr SNO-25(M-128)
  MRR:    0.42
  H@1:    0.00
  H@3:    1.00
  H@5:    1.00
  Med:    2.5
  MR:     2.5
  R@100:  1.0
------------------------------------------------------------
Model: Mixed D_m(F)
  MRR:    1.00
  H@1:    1.00
  H@3:    1.00
  H@5:    1.00
  Med:    1.0
  MR:     1.0
  R@100:  1.0
------------------------------------------------------------
Model: Mixed D_m(M)
  MRR:    0.38
  H@1:    0.00
  H@3:    0.50
  H@5:    1.00
  Med:    3.0
  MR:     3.0
  R@100:  1.0
------------------------------------------------------------
All results saved to ./results_additional/ANATOMY_ASSUMPTION_oov_entity_mentions_single_target_device_data_2_queries.json
Printing table: 


Model     Variant      MRR    H@1    H@3    H@5       Med         MR       R@100
================================================================================
BoW     TFIDF          0.25   0.00   0.50   0.50   187269.50   187269.50   0.50 
BoW     BM25           0.01   0.00   0.00   0.00   64482.00    64482.00    0.50 
SBERT   cos-sim        0.22   0.00   0.50   0.50     6.00        6.00      1.00 
HiT     SNO-23(F)      0.75   0.50   1.00   1.00     1.50        1.50      1.00 
HiT     SNO-25(F)      0.75   0.50   1.00   1.00     1.50        1.50      1.00 
OnTr    GALEN(P)       0.38   0.00   0.50   1.00     3.00        3.00      1.00 
OnTr    ANATOMY(P)     0.50   0.00   1.00   1.00     2.00        2.00      1.00 
OnTr    GO(P)          0.56   0.50   0.50   0.50     4.50        4.50      1.00 
OnTr    SNO-25(F-64)   0.21   0.00   0.00   0.50     5.00        5.00      1.00 
OnTr    SNO-25(M-32)   0.31   0.00   0.50   0.50     5.00        5.00      1.00 
OnTr    SNO-25(M-64)   0.28   0.00   0.50   0.50     8.50        8.50      1.00 
OnTr    SNO-25(M-      0.42   0.00   1.00   1.00     2.50        2.50      1.00 
        128)                                                                    
Mixed   D_m(F)         1.00   1.00   1.00   1.00     1.00        1.00      1.00 
Mixed   D_m(M)         0.38   0.00   0.50   1.00     3.00        3.00      1.00 


 Printing LaTeX: 


\begin{table}[H]
	\caption[Single target performance of OOV mentions]{Testing the ANATOMY assumption by assessing retrieval performance of OOV entity mentions measured on the device subset (2 Queries)}
	\begin{center}
		\begin{tabular}{llccccccc}
			\toprule
			Model & Variant & MRR & H@1 & H@3 & H@5 & Med & MR & R@100 \\
			\midrule
			BoW & TFIDF & 0.25 & 0.00 & 0.50 & 0.50 & 187269.50 & 187269.50 & 0.50 \\
			BoW & BM25 & 0.01 & 0.00 & 0.00 & 0.00 & 64482.00 & 64482.00 & 0.50 \\
			SBERT & cos-sim & 0.22 & 0.00 & 0.50 & 0.50 & 6.00 & 6.00 & 1.00 \\
			HiT & SNO-23(F) & 0.75 & 0.50 & 1.00 & 1.00 & 1.50 & 1.50 & 1.00 \\
			HiT & SNO-25(F) & 0.75 & 0.50 & 1.00 & 1.00 & 1.50 & 1.50 & 1.00 \\
			OnTr & GALEN(P) & 0.38 & 0.00 & 0.50 & 1.00 & 3.00 & 3.00 & 1.00 \\
			OnTr & ANATOMY(P) & 0.50 & 0.00 & 1.00 & 1.00 & 2.00 & 2.00 & 1.00 \\
			OnTr & GO(P) & 0.56 & 0.50 & 0.50 & 0.50 & 4.50 & 4.50 & 1.00 \\
			OnTr & SNO-25(F-64) & 0.21 & 0.00 & 0.00 & 0.50 & 5.00 & 5.00 & 1.00 \\
			OnTr & SNO-25(M-32) & 0.31 & 0.00 & 0.50 & 0.50 & 5.00 & 5.00 & 1.00 \\
			OnTr & SNO-25(M-64) & 0.28 & 0.00 & 0.50 & 0.50 & 8.50 & 8.50 & 1.00 \\
			OnTr & SNO-25(M-128) & 0.42 & 0.00 & 1.00 & 1.00 & 2.50 & 2.50 & 1.00 \\
			Mixed & D_m(F) & 1.00 & 1.00 & 1.00 & 1.00 & 1.00 & 1.00 & 1.00 \\
			Mixed & D_m(M) & 0.38 & 0.00 & 0.50 & 1.00 & 3.00 & 3.00 & 1.00 \\
			\bottomrule
		\end{tabular}
	\end{center}
	\label{tab:single-target-oov}
\end{table}
